<?xml version="1.0" encoding="UTF-8"?>
<!-- Generated by org.testng.reporters.JUnitXMLReporter -->
<testsuite ignored="4" hostname="NghiaPC" failures="0" tests="5" name="emulator-5554" time="61.043" errors="0" timestamp="2023-12-27T09:27:17 ICT">
  <testcase classname="tests.parallel.LoginTest" name="testLogin" time="9.973"/>
  <testcase classname="tests.parallel.LoginTest" name="testLogin" time="4.832"/>
  <testcase classname="tests.parallel.LoginTest" name="testLogin" time="6.881"/>
  <testcase classname="tests.parallel.SwipeTest" name="testWebview" time="30.903"/>
  <testcase classname="tests.parallel.WebviewTest" name="testWebview" time="8.052"/>
  <testcase classname="tests.BaseTest" name="@AfterTest quitAppiumSession" time="0.0">
    <ignored/>
  </testcase> <!-- @AfterTest quitAppiumSession -->
  <testcase classname="tests.BaseTest" name="@BeforeTest initAppiumSession" time="0.0">
    <ignored/>
  </testcase> <!-- @BeforeTest initAppiumSession -->
  <testcase classname="tests.BaseTest" name="@AfterTest quitAppiumSession" time="0.0">
    <ignored/>
  </testcase> <!-- @AfterTest quitAppiumSession -->
  <testcase classname="tests.BaseTest" name="@BeforeTest initAppiumSession" time="0.0">
    <ignored/>
  </testcase> <!-- @BeforeTest initAppiumSession -->
</testsuite> <!-- emulator-5554 -->
