<?xml version="1.0" encoding="UTF-8"?>
<!-- Generated by org.testng.reporters.JUnitXMLReporter -->
<testsuite ignored="0" hostname="NghiaPC" failures="1" tests="1" name="emulator-5554" time="0.134" errors="0" timestamp="2023-12-21T17:49:12 ICT">
  <testcase classname="tests.parallel.FillForms" name="testForms" time="0.042">
    <failure type="java.lang.IllegalArgumentException" message="[ERR] please provide env variable [remote]">
      <![CDATA[java.lang.IllegalArgumentException: [ERR] please provide env variable [remote]
at driver.DriverFactory.getDriver(DriverFactory.java:54)
at tests.BaseTest.getDriver(BaseTest.java:31)
at tests.parallel.FillForms.testForms(FillForms.java:12)
at java.base/java.util.ArrayList.forEach(ArrayList.java:1511)
at java.base/java.util.concurrent.FutureTask.run(FutureTask.java:264)
at java.base/java.util.concurrent.ThreadPoolExecutor.runWorker(ThreadPoolExecutor.java:1136)
at java.base/java.util.concurrent.ThreadPoolExecutor$Worker.run(ThreadPoolExecutor.java:635)
at java.base/java.lang.Thread.run(Thread.java:842)
... Removed 17 stack frames]]>
    </failure>
  </testcase> <!-- testForms -->
</testsuite> <!-- emulator-5554 -->
