<?xml version="1.0" encoding="UTF-8"?>
<!-- Generated by org.testng.reporters.JUnitXMLReporter -->
<testsuite ignored="0" hostname="NghiaPC" failures="0" tests="3" name="emulator-5556" time="27.743" errors="0" timestamp="2023-12-22T14:59:16 ICT">
  <testcase classname="tests.parallel.LoginDevice01" name="testLogin" time="15.802"/>
  <testcase classname="tests.parallel.LoginDevice01" name="testLogin" time="4.922"/>
  <testcase classname="tests.parallel.LoginDevice01" name="testLogin" time="6.546"/>
</testsuite> <!-- emulator-5556 -->
