<?xml version="1.0" encoding="UTF-8"?>
<!-- Generated by org.testng.reporters.JUnitXMLReporter -->
<testsuite ignored="2" hostname="NghiaPC" failures="0" tests="2" name="emulator-5556" time="15.859" errors="0" timestamp="2023-12-27T09:26:32 ICT">
  <testcase classname="tests.parallel.FormsTest" name="testForms" time="13.826"/>
  <testcase classname="tests.parallel.HomeTest" name="testHome" time="1.746"/>
  <testcase classname="tests.BaseTest" name="@AfterTest quitAppiumSession" time="0.0">
    <ignored/>
  </testcase> <!-- @AfterTest quitAppiumSession -->
  <testcase classname="tests.BaseTest" name="@BeforeTest initAppiumSession" time="0.0">
    <ignored/>
  </testcase> <!-- @BeforeTest initAppiumSession -->
</testsuite> <!-- emulator-5556 -->
