<?xml version="1.0" encoding="UTF-8"?>
<testng-results ignored="6" total="13" passed="7" failed="0" skipped="0">
  <reporter-output>
  </reporter-output>
  <suite started-at="2023-12-27T09:26:16 ICT" name="Regression" finished-at="2023-12-27T09:27:17 ICT" duration-ms="61043">
    <groups>
    </groups>
    <test started-at="2023-12-27T09:26:16 ICT" name="emulator-5556" finished-at="2023-12-27T09:26:32 ICT" duration-ms="15859">
      <class name="tests.parallel.HomeTest">
        <test-method signature="testHome()[pri:0, instance:tests.parallel.HomeTest@6f19ac19]" started-at="2023-12-27T09:26:30 ICT" name="testHome" finished-at="2023-12-27T09:26:32 ICT" duration-ms="1746" status="PASS">
          <reporter-output>
          </reporter-output>
        </test-method> <!-- testHome -->
        <test-method is-config="true" signature="beforeClass(java.lang.String,java.lang.String,java.lang.String,java.lang.String)[pri:0, instance:tests.parallel.HomeTest@6f19ac19]" started-at="2023-12-27T09:26:30 ICT" name="beforeClass" finished-at="2023-12-27T09:26:30 ICT" duration-ms="0" status="PASS">
          <params>
            <param index="0">
              <value>
                <![CDATA[emulator-5556]]>
              </value>
            </param>
            <param index="1">
              <value>
                <![CDATA[9064]]>
              </value>
            </param>
            <param index="2">
              <value>
                <![CDATA[android]]>
              </value>
            </param>
            <param index="3">
              <value>
                <![CDATA[platformVersion]]>
              </value>
            </param>
          </params>
          <reporter-output>
          </reporter-output>
        </test-method> <!-- beforeClass -->
        <test-method is-config="true" signature="takeScreenshot(org.testng.ITestResult)[pri:0, instance:tests.parallel.HomeTest@6f19ac19]" started-at="2023-12-27T09:26:32 ICT" name="takeScreenshot" description="Taking screenshot if test fail" finished-at="2023-12-27T09:26:32 ICT" duration-ms="0" status="PASS">
          <params>
            <param index="0">
              <value>
                <![CDATA[[TestResult name=testHome status=SUCCESS method=HomeTest.testHome()[pri:0, instance:tests.parallel.HomeTest@6f19ac19] output={null}]]]>
              </value>
            </param>
          </params>
          <reporter-output>
          </reporter-output>
        </test-method> <!-- takeScreenshot -->
      </class> <!-- tests.parallel.HomeTest -->
      <class name="tests.parallel.FormsTest">
        <test-method is-config="true" signature="initAppiumSession()[pri:0, instance:tests.parallel.FormsTest@609db546]" started-at="2023-12-27T09:26:16 ICT" name="initAppiumSession" finished-at="2023-12-27T09:26:16 ICT" duration-ms="15" status="PASS">
          <reporter-output>
          </reporter-output>
        </test-method> <!-- initAppiumSession -->
        <test-method is-config="true" signature="beforeClass(java.lang.String,java.lang.String,java.lang.String,java.lang.String)[pri:0, instance:tests.parallel.FormsTest@609db546]" started-at="2023-12-27T09:26:16 ICT" name="beforeClass" finished-at="2023-12-27T09:26:16 ICT" duration-ms="6" status="PASS">
          <params>
            <param index="0">
              <value>
                <![CDATA[emulator-5556]]>
              </value>
            </param>
            <param index="1">
              <value>
                <![CDATA[9064]]>
              </value>
            </param>
            <param index="2">
              <value>
                <![CDATA[android]]>
              </value>
            </param>
            <param index="3">
              <value>
                <![CDATA[platformVersion]]>
              </value>
            </param>
          </params>
          <reporter-output>
          </reporter-output>
        </test-method> <!-- beforeClass -->
        <test-method signature="testForms()[pri:0, instance:tests.parallel.FormsTest@609db546]" started-at="2023-12-27T09:26:16 ICT" name="testForms" finished-at="2023-12-27T09:26:30 ICT" duration-ms="13826" status="PASS">
          <reporter-output>
          </reporter-output>
        </test-method> <!-- testForms -->
        <test-method is-config="true" signature="takeScreenshot(org.testng.ITestResult)[pri:0, instance:tests.parallel.FormsTest@609db546]" started-at="2023-12-27T09:26:30 ICT" name="takeScreenshot" description="Taking screenshot if test fail" finished-at="2023-12-27T09:26:30 ICT" duration-ms="1" status="PASS">
          <params>
            <param index="0">
              <value>
                <![CDATA[[TestResult name=testForms status=SUCCESS method=FormsTest.testForms()[pri:0, instance:tests.parallel.FormsTest@609db546] output={null}]]]>
              </value>
            </param>
          </params>
          <reporter-output>
          </reporter-output>
        </test-method> <!-- takeScreenshot -->
        <test-method is-config="true" signature="quitAppiumSession()[pri:0, instance:tests.parallel.FormsTest@609db546]" started-at="2023-12-27T09:26:32 ICT" name="quitAppiumSession" finished-at="2023-12-27T09:26:32 ICT" duration-ms="230" status="PASS">
          <reporter-output>
          </reporter-output>
        </test-method> <!-- quitAppiumSession -->
      </class> <!-- tests.parallel.FormsTest -->
    </test> <!-- emulator-5556 -->
    <test started-at="2023-12-27T09:26:16 ICT" name="emulator-5554" finished-at="2023-12-27T09:27:17 ICT" duration-ms="61043">
      <class name="tests.parallel.LoginTest">
        <test-method is-config="true" signature="initAppiumSession()[pri:0, instance:tests.parallel.LoginTest@54504ecd]" started-at="2023-12-27T09:26:16 ICT" name="initAppiumSession" finished-at="2023-12-27T09:26:16 ICT" duration-ms="15" status="PASS">
          <reporter-output>
          </reporter-output>
        </test-method> <!-- initAppiumSession -->
        <test-method is-config="true" signature="beforeClass(java.lang.String,java.lang.String,java.lang.String,java.lang.String)[pri:0, instance:tests.parallel.LoginTest@54504ecd]" started-at="2023-12-27T09:26:16 ICT" name="beforeClass" finished-at="2023-12-27T09:26:16 ICT" duration-ms="6" status="PASS">
          <params>
            <param index="0">
              <value>
                <![CDATA[emulator-5554]]>
              </value>
            </param>
            <param index="1">
              <value>
                <![CDATA[8430]]>
              </value>
            </param>
            <param index="2">
              <value>
                <![CDATA[android]]>
              </value>
            </param>
            <param index="3">
              <value>
                <![CDATA[platformVersion]]>
              </value>
            </param>
          </params>
          <reporter-output>
          </reporter-output>
        </test-method> <!-- beforeClass -->
        <test-method signature="testLogin(tests_data.models.LoginData)[pri:0, instance:tests.parallel.LoginTest@54504ecd]" started-at="2023-12-27T09:26:16 ICT" name="testLogin" data-provider="loginCredData" finished-at="2023-12-27T09:26:26 ICT" duration-ms="9973" status="PASS">
          <params>
            <param index="0">
              <value>
                <![CDATA[LoginData{email='teo@', password='12345678'}]]>
              </value>
            </param>
          </params>
          <reporter-output>
          </reporter-output>
        </test-method> <!-- testLogin -->
        <test-method is-config="true" signature="takeScreenshot(org.testng.ITestResult)[pri:0, instance:tests.parallel.LoginTest@54504ecd]" started-at="2023-12-27T09:26:26 ICT" name="takeScreenshot" description="Taking screenshot if test fail" finished-at="2023-12-27T09:26:26 ICT" duration-ms="1" status="PASS">
          <params>
            <param index="0">
              <value>
                <![CDATA[[TestResult name=testLogin status=SUCCESS method=LoginTest.testLogin(tests_data.models.LoginData)[pri:0, instance:tests.parallel.LoginTest@54504ecd] output={null}]]]>
              </value>
            </param>
          </params>
          <reporter-output>
          </reporter-output>
        </test-method> <!-- takeScreenshot -->
        <test-method signature="testLogin(tests_data.models.LoginData)[pri:0, instance:tests.parallel.LoginTest@54504ecd]" started-at="2023-12-27T09:26:26 ICT" name="testLogin" data-provider="loginCredData" finished-at="2023-12-27T09:26:31 ICT" duration-ms="4832" status="PASS">
          <params>
            <param index="0">
              <value>
                <![CDATA[LoginData{email='teo@sth.com', password='1234567'}]]>
              </value>
            </param>
          </params>
          <reporter-output>
          </reporter-output>
        </test-method> <!-- testLogin -->
        <test-method signature="testLogin(tests_data.models.LoginData)[pri:0, instance:tests.parallel.LoginTest@54504ecd]" started-at="2023-12-27T09:26:31 ICT" name="testLogin" data-provider="loginCredData" finished-at="2023-12-27T09:26:38 ICT" duration-ms="6881" status="PASS">
          <params>
            <param index="0">
              <value>
                <![CDATA[LoginData{email='teo@sth.com', password='12345678'}]]>
              </value>
            </param>
          </params>
          <reporter-output>
          </reporter-output>
        </test-method> <!-- testLogin -->
        <test-method is-config="true" signature="takeScreenshot(org.testng.ITestResult)[pri:0, instance:tests.parallel.LoginTest@54504ecd]" started-at="2023-12-27T09:26:31 ICT" name="takeScreenshot" description="Taking screenshot if test fail" finished-at="2023-12-27T09:26:31 ICT" duration-ms="0" status="PASS">
          <params>
            <param index="0">
              <value>
                <![CDATA[[TestResult name=testLogin status=SUCCESS method=LoginTest.testLogin(tests_data.models.LoginData)[pri:0, instance:tests.parallel.LoginTest@54504ecd] output={null}]]]>
              </value>
            </param>
          </params>
          <reporter-output>
          </reporter-output>
        </test-method> <!-- takeScreenshot -->
        <test-method is-config="true" signature="takeScreenshot(org.testng.ITestResult)[pri:0, instance:tests.parallel.LoginTest@54504ecd]" started-at="2023-12-27T09:26:38 ICT" name="takeScreenshot" description="Taking screenshot if test fail" finished-at="2023-12-27T09:26:38 ICT" duration-ms="0" status="PASS">
          <params>
            <param index="0">
              <value>
                <![CDATA[[TestResult name=testLogin status=SUCCESS method=LoginTest.testLogin(tests_data.models.LoginData)[pri:0, instance:tests.parallel.LoginTest@54504ecd] output={null}]]]>
              </value>
            </param>
          </params>
          <reporter-output>
          </reporter-output>
        </test-method> <!-- takeScreenshot -->
        <test-method is-config="true" signature="quitAppiumSession()[pri:0, instance:tests.parallel.LoginTest@54504ecd]" started-at="2023-12-27T09:27:17 ICT" name="quitAppiumSession" finished-at="2023-12-27T09:27:17 ICT" duration-ms="263" status="PASS">
          <reporter-output>
          </reporter-output>
        </test-method> <!-- quitAppiumSession -->
      </class> <!-- tests.parallel.LoginTest -->
      <class name="tests.parallel.WebviewTest">
        <test-method is-config="true" signature="beforeClass(java.lang.String,java.lang.String,java.lang.String,java.lang.String)[pri:0, instance:tests.parallel.WebviewTest@1339e7aa]" started-at="2023-12-27T09:27:09 ICT" name="beforeClass" finished-at="2023-12-27T09:27:09 ICT" duration-ms="1" status="PASS">
          <params>
            <param index="0">
              <value>
                <![CDATA[emulator-5554]]>
              </value>
            </param>
            <param index="1">
              <value>
                <![CDATA[8430]]>
              </value>
            </param>
            <param index="2">
              <value>
                <![CDATA[android]]>
              </value>
            </param>
            <param index="3">
              <value>
                <![CDATA[platformVersion]]>
              </value>
            </param>
          </params>
          <reporter-output>
          </reporter-output>
        </test-method> <!-- beforeClass -->
        <test-method signature="testWebview()[pri:0, instance:tests.parallel.WebviewTest@1339e7aa]" started-at="2023-12-27T09:27:09 ICT" name="testWebview" finished-at="2023-12-27T09:27:17 ICT" duration-ms="8052" status="PASS">
          <reporter-output>
          </reporter-output>
        </test-method> <!-- testWebview -->
        <test-method is-config="true" signature="takeScreenshot(org.testng.ITestResult)[pri:0, instance:tests.parallel.WebviewTest@1339e7aa]" started-at="2023-12-27T09:27:17 ICT" name="takeScreenshot" description="Taking screenshot if test fail" finished-at="2023-12-27T09:27:17 ICT" duration-ms="0" status="PASS">
          <params>
            <param index="0">
              <value>
                <![CDATA[[TestResult name=testWebview status=SUCCESS method=WebviewTest.testWebview()[pri:0, instance:tests.parallel.WebviewTest@1339e7aa] output={null}]]]>
              </value>
            </param>
          </params>
          <reporter-output>
          </reporter-output>
        </test-method> <!-- takeScreenshot -->
      </class> <!-- tests.parallel.WebviewTest -->
      <class name="tests.parallel.SwipeTest">
        <test-method is-config="true" signature="beforeClass(java.lang.String,java.lang.String,java.lang.String,java.lang.String)[pri:0, instance:tests.parallel.SwipeTest@38b27cdc]" started-at="2023-12-27T09:26:38 ICT" name="beforeClass" finished-at="2023-12-27T09:26:38 ICT" duration-ms="1" status="PASS">
          <params>
            <param index="0">
              <value>
                <![CDATA[emulator-5554]]>
              </value>
            </param>
            <param index="1">
              <value>
                <![CDATA[8430]]>
              </value>
            </param>
            <param index="2">
              <value>
                <![CDATA[android]]>
              </value>
            </param>
            <param index="3">
              <value>
                <![CDATA[platformVersion]]>
              </value>
            </param>
          </params>
          <reporter-output>
          </reporter-output>
        </test-method> <!-- beforeClass -->
        <test-method signature="testWebview()[pri:0, instance:tests.parallel.SwipeTest@38b27cdc]" started-at="2023-12-27T09:26:38 ICT" name="testWebview" finished-at="2023-12-27T09:27:09 ICT" duration-ms="30903" status="PASS">
          <reporter-output>
          </reporter-output>
        </test-method> <!-- testWebview -->
        <test-method is-config="true" signature="takeScreenshot(org.testng.ITestResult)[pri:0, instance:tests.parallel.SwipeTest@38b27cdc]" started-at="2023-12-27T09:27:09 ICT" name="takeScreenshot" description="Taking screenshot if test fail" finished-at="2023-12-27T09:27:09 ICT" duration-ms="0" status="PASS">
          <params>
            <param index="0">
              <value>
                <![CDATA[[TestResult name=testWebview status=SUCCESS method=SwipeTest.testWebview()[pri:0, instance:tests.parallel.SwipeTest@38b27cdc] output={null}]]]>
              </value>
            </param>
          </params>
          <reporter-output>
          </reporter-output>
        </test-method> <!-- takeScreenshot -->
      </class> <!-- tests.parallel.SwipeTest -->
    </test> <!-- emulator-5554 -->
  </suite> <!-- Regression -->
</testng-results>
