<?xml version="1.0" encoding="UTF-8"?>
<testng-results ignored="0" total="4" passed="4" failed="0" skipped="0">
  <reporter-output>
  </reporter-output>
  <suite started-at="2023-12-22T14:58:49 ICT" name="Regression" finished-at="2023-12-22T14:59:16 ICT" duration-ms="27743">
    <groups>
    </groups>
    <test started-at="2023-12-22T14:58:49 ICT" name="emulator-5554" finished-at="2023-12-22T14:59:04 ICT" duration-ms="15165">
      <class name="tests.parallel.FillForms">
        <test-method is-config="true" signature="initAppiumSession(java.lang.String,java.lang.String,java.lang.String,java.lang.String)[pri:0, instance:tests.parallel.FillForms@413f69cc]" started-at="2023-12-22T14:58:49 ICT" name="initAppiumSession" finished-at="2023-12-22T14:58:49 ICT" duration-ms="28" status="PASS">
          <params>
            <param index="0">
              <value>
                <![CDATA[emulator-5554]]>
              </value>
            </param>
            <param index="1">
              <value>
                <![CDATA[8797]]>
              </value>
            </param>
            <param index="2">
              <value>
                <![CDATA[android]]>
              </value>
            </param>
            <param index="3">
              <value>
                <![CDATA[platformVersion]]>
              </value>
            </param>
          </params>
          <reporter-output>
          </reporter-output>
        </test-method> <!-- initAppiumSession -->
        <test-method signature="testForms()[pri:0, instance:tests.parallel.FillForms@413f69cc]" started-at="2023-12-22T14:58:49 ICT" name="testForms" finished-at="2023-12-22T14:59:03 ICT" duration-ms="14757" status="PASS">
          <reporter-output>
          </reporter-output>
        </test-method> <!-- testForms -->
        <test-method is-config="true" signature="takeScreenshot(org.testng.ITestResult)[pri:0, instance:tests.parallel.FillForms@413f69cc]" started-at="2023-12-22T14:59:03 ICT" name="takeScreenshot" description="Taking screenshot if test fail" finished-at="2023-12-22T14:59:03 ICT" duration-ms="1" status="PASS">
          <params>
            <param index="0">
              <value>
                <![CDATA[[TestResult name=testForms status=SUCCESS method=FillForms.testForms()[pri:0, instance:tests.parallel.FillForms@413f69cc] output={null}]]]>
              </value>
            </param>
          </params>
          <reporter-output>
          </reporter-output>
        </test-method> <!-- takeScreenshot -->
        <test-method is-config="true" signature="quitAppiumSession()[pri:0, instance:tests.parallel.FillForms@413f69cc]" started-at="2023-12-22T14:59:03 ICT" name="quitAppiumSession" finished-at="2023-12-22T14:59:04 ICT" duration-ms="287" status="PASS">
          <reporter-output>
          </reporter-output>
        </test-method> <!-- quitAppiumSession -->
      </class> <!-- tests.parallel.FillForms -->
    </test> <!-- emulator-5554 -->
    <test started-at="2023-12-22T14:58:49 ICT" name="emulator-5556" finished-at="2023-12-22T14:59:16 ICT" duration-ms="27743">
      <class name="tests.parallel.LoginDevice01">
        <test-method is-config="true" signature="initAppiumSession(java.lang.String,java.lang.String,java.lang.String,java.lang.String)[pri:0, instance:tests.parallel.LoginDevice01@43b9fd5]" started-at="2023-12-22T14:58:49 ICT" name="initAppiumSession" finished-at="2023-12-22T14:58:49 ICT" duration-ms="29" status="PASS">
          <params>
            <param index="0">
              <value>
                <![CDATA[emulator-5556]]>
              </value>
            </param>
            <param index="1">
              <value>
                <![CDATA[9119]]>
              </value>
            </param>
            <param index="2">
              <value>
                <![CDATA[android]]>
              </value>
            </param>
            <param index="3">
              <value>
                <![CDATA[platformVersion]]>
              </value>
            </param>
          </params>
          <reporter-output>
          </reporter-output>
        </test-method> <!-- initAppiumSession -->
        <test-method signature="testLogin(tests_data.models.LoginData)[pri:0, instance:tests.parallel.LoginDevice01@43b9fd5]" started-at="2023-12-22T14:58:49 ICT" name="testLogin" data-provider="loginCredData" finished-at="2023-12-22T14:59:04 ICT" duration-ms="15802" status="PASS">
          <params>
            <param index="0">
              <value>
                <![CDATA[LoginData{email='teo@', password='12345678'}]]>
              </value>
            </param>
          </params>
          <reporter-output>
          </reporter-output>
        </test-method> <!-- testLogin -->
        <test-method is-config="true" signature="takeScreenshot(org.testng.ITestResult)[pri:0, instance:tests.parallel.LoginDevice01@43b9fd5]" started-at="2023-12-22T14:59:04 ICT" name="takeScreenshot" description="Taking screenshot if test fail" finished-at="2023-12-22T14:59:04 ICT" duration-ms="0" status="PASS">
          <params>
            <param index="0">
              <value>
                <![CDATA[[TestResult name=testLogin status=SUCCESS method=LoginDevice01.testLogin(tests_data.models.LoginData)[pri:0, instance:tests.parallel.LoginDevice01@43b9fd5] output={null}]]]>
              </value>
            </param>
          </params>
          <reporter-output>
          </reporter-output>
        </test-method> <!-- takeScreenshot -->
        <test-method signature="testLogin(tests_data.models.LoginData)[pri:0, instance:tests.parallel.LoginDevice01@43b9fd5]" started-at="2023-12-22T14:59:04 ICT" name="testLogin" data-provider="loginCredData" finished-at="2023-12-22T14:59:09 ICT" duration-ms="4922" status="PASS">
          <params>
            <param index="0">
              <value>
                <![CDATA[LoginData{email='teo@sth.com', password='1234567'}]]>
              </value>
            </param>
          </params>
          <reporter-output>
          </reporter-output>
        </test-method> <!-- testLogin -->
        <test-method is-config="true" signature="takeScreenshot(org.testng.ITestResult)[pri:0, instance:tests.parallel.LoginDevice01@43b9fd5]" started-at="2023-12-22T14:59:09 ICT" name="takeScreenshot" description="Taking screenshot if test fail" finished-at="2023-12-22T14:59:09 ICT" duration-ms="0" status="PASS">
          <params>
            <param index="0">
              <value>
                <![CDATA[[TestResult name=testLogin status=SUCCESS method=LoginDevice01.testLogin(tests_data.models.LoginData)[pri:0, instance:tests.parallel.LoginDevice01@43b9fd5] output={null}]]]>
              </value>
            </param>
          </params>
          <reporter-output>
          </reporter-output>
        </test-method> <!-- takeScreenshot -->
        <test-method signature="testLogin(tests_data.models.LoginData)[pri:0, instance:tests.parallel.LoginDevice01@43b9fd5]" started-at="2023-12-22T14:59:09 ICT" name="testLogin" data-provider="loginCredData" finished-at="2023-12-22T14:59:16 ICT" duration-ms="6546" status="PASS">
          <params>
            <param index="0">
              <value>
                <![CDATA[LoginData{email='teo@sth.com', password='12345678'}]]>
              </value>
            </param>
          </params>
          <reporter-output>
          </reporter-output>
        </test-method> <!-- testLogin -->
        <test-method is-config="true" signature="takeScreenshot(org.testng.ITestResult)[pri:0, instance:tests.parallel.LoginDevice01@43b9fd5]" started-at="2023-12-22T14:59:16 ICT" name="takeScreenshot" description="Taking screenshot if test fail" finished-at="2023-12-22T14:59:16 ICT" duration-ms="0" status="PASS">
          <params>
            <param index="0">
              <value>
                <![CDATA[[TestResult name=testLogin status=SUCCESS method=LoginDevice01.testLogin(tests_data.models.LoginData)[pri:0, instance:tests.parallel.LoginDevice01@43b9fd5] output={null}]]]>
              </value>
            </param>
          </params>
          <reporter-output>
          </reporter-output>
        </test-method> <!-- takeScreenshot -->
        <test-method is-config="true" signature="quitAppiumSession()[pri:0, instance:tests.parallel.LoginDevice01@43b9fd5]" started-at="2023-12-22T14:59:16 ICT" name="quitAppiumSession" finished-at="2023-12-22T14:59:16 ICT" duration-ms="353" status="PASS">
          <reporter-output>
          </reporter-output>
        </test-method> <!-- quitAppiumSession -->
      </class> <!-- tests.parallel.LoginDevice01 -->
    </test> <!-- emulator-5556 -->
  </suite> <!-- Regression -->
</testng-results>
