<?xml version="1.0" encoding="UTF-8"?>
<testng-results ignored="0" total="4" passed="4" failed="0" skipped="0">
  <reporter-output>
  </reporter-output>
  <suite started-at="2023-12-22T10:49:42 ICT" name="Regression" finished-at="2023-12-22T10:50:04 ICT" duration-ms="22150">
    <groups>
    </groups>
    <test started-at="2023-12-22T10:49:42 ICT" name="emulator-5554" finished-at="2023-12-22T10:49:54 ICT" duration-ms="11960">
      <class name="tests.parallel.FillForms">
        <test-method is-config="true" signature="initAppiumSession(java.lang.String,java.lang.String,java.lang.String,java.lang.String)[pri:0, instance:tests.parallel.FillForms@6574a52c]" started-at="2023-12-22T10:49:42 ICT" name="initAppiumSession" finished-at="2023-12-22T10:49:42 ICT" duration-ms="15" status="PASS">
          <params>
            <param index="0">
              <value>
                <![CDATA[emulator-5554]]>
              </value>
            </param>
            <param index="1">
              <value>
                <![CDATA[8861]]>
              </value>
            </param>
            <param index="2">
              <value>
                <![CDATA[android]]>
              </value>
            </param>
            <param index="3">
              <value>
                <![CDATA[platformVersion]]>
              </value>
            </param>
          </params>
          <reporter-output>
          </reporter-output>
        </test-method> <!-- initAppiumSession -->
        <test-method signature="testForms()[pri:0, instance:tests.parallel.FillForms@6574a52c]" started-at="2023-12-22T10:49:42 ICT" name="testForms" finished-at="2023-12-22T10:49:54 ICT" duration-ms="11674" status="PASS">
          <reporter-output>
          </reporter-output>
        </test-method> <!-- testForms -->
        <test-method is-config="true" signature="takeScreenshot(org.testng.ITestResult)[pri:0, instance:tests.parallel.FillForms@6574a52c]" started-at="2023-12-22T10:49:54 ICT" name="takeScreenshot" description="Taking screenshot if test fail" finished-at="2023-12-22T10:49:54 ICT" duration-ms="0" status="PASS">
          <params>
            <param index="0">
              <value>
                <![CDATA[[TestResult name=testForms status=SUCCESS method=FillForms.testForms()[pri:0, instance:tests.parallel.FillForms@6574a52c] output={null}]]]>
              </value>
            </param>
          </params>
          <reporter-output>
          </reporter-output>
        </test-method> <!-- takeScreenshot -->
        <test-method is-config="true" signature="quitAppiumSession()[pri:0, instance:tests.parallel.FillForms@6574a52c]" started-at="2023-12-22T10:49:54 ICT" name="quitAppiumSession" finished-at="2023-12-22T10:49:54 ICT" duration-ms="232" status="PASS">
          <reporter-output>
          </reporter-output>
        </test-method> <!-- quitAppiumSession -->
      </class> <!-- tests.parallel.FillForms -->
    </test> <!-- emulator-5554 -->
    <test started-at="2023-12-22T10:49:42 ICT" name="emulator-5556" finished-at="2023-12-22T10:50:04 ICT" duration-ms="22150">
      <class name="tests.parallel.LoginDevice01">
        <test-method is-config="true" signature="initAppiumSession(java.lang.String,java.lang.String,java.lang.String,java.lang.String)[pri:0, instance:tests.parallel.LoginDevice01@4659191b]" started-at="2023-12-22T10:49:42 ICT" name="initAppiumSession" finished-at="2023-12-22T10:49:42 ICT" duration-ms="15" status="PASS">
          <params>
            <param index="0">
              <value>
                <![CDATA[emulator-5556]]>
              </value>
            </param>
            <param index="1">
              <value>
                <![CDATA[8890]]>
              </value>
            </param>
            <param index="2">
              <value>
                <![CDATA[android]]>
              </value>
            </param>
            <param index="3">
              <value>
                <![CDATA[platformVersion]]>
              </value>
            </param>
          </params>
          <reporter-output>
          </reporter-output>
        </test-method> <!-- initAppiumSession -->
        <test-method signature="testLogin(tests_data.models.LoginData)[pri:0, instance:tests.parallel.LoginDevice01@4659191b]" started-at="2023-12-22T10:49:42 ICT" name="testLogin" data-provider="loginCredData" finished-at="2023-12-22T10:49:53 ICT" duration-ms="10644" status="PASS">
          <params>
            <param index="0">
              <value>
                <![CDATA[LoginData{email='teo@', password='12345678'}]]>
              </value>
            </param>
          </params>
          <reporter-output>
          </reporter-output>
        </test-method> <!-- testLogin -->
        <test-method is-config="true" signature="takeScreenshot(org.testng.ITestResult)[pri:0, instance:tests.parallel.LoginDevice01@4659191b]" started-at="2023-12-22T10:49:53 ICT" name="takeScreenshot" description="Taking screenshot if test fail" finished-at="2023-12-22T10:49:53 ICT" duration-ms="1" status="PASS">
          <params>
            <param index="0">
              <value>
                <![CDATA[[TestResult name=testLogin status=SUCCESS method=LoginDevice01.testLogin(tests_data.models.LoginData)[pri:0, instance:tests.parallel.LoginDevice01@4659191b] output={null}]]]>
              </value>
            </param>
          </params>
          <reporter-output>
          </reporter-output>
        </test-method> <!-- takeScreenshot -->
        <test-method signature="testLogin(tests_data.models.LoginData)[pri:0, instance:tests.parallel.LoginDevice01@4659191b]" started-at="2023-12-22T10:49:53 ICT" name="testLogin" data-provider="loginCredData" finished-at="2023-12-22T10:49:58 ICT" duration-ms="4697" status="PASS">
          <params>
            <param index="0">
              <value>
                <![CDATA[LoginData{email='teo@sth.com', password='1234567'}]]>
              </value>
            </param>
          </params>
          <reporter-output>
          </reporter-output>
        </test-method> <!-- testLogin -->
        <test-method is-config="true" signature="takeScreenshot(org.testng.ITestResult)[pri:0, instance:tests.parallel.LoginDevice01@4659191b]" started-at="2023-12-22T10:49:58 ICT" name="takeScreenshot" description="Taking screenshot if test fail" finished-at="2023-12-22T10:49:58 ICT" duration-ms="1" status="PASS">
          <params>
            <param index="0">
              <value>
                <![CDATA[[TestResult name=testLogin status=SUCCESS method=LoginDevice01.testLogin(tests_data.models.LoginData)[pri:0, instance:tests.parallel.LoginDevice01@4659191b] output={null}]]]>
              </value>
            </param>
          </params>
          <reporter-output>
          </reporter-output>
        </test-method> <!-- takeScreenshot -->
        <test-method signature="testLogin(tests_data.models.LoginData)[pri:0, instance:tests.parallel.LoginDevice01@4659191b]" started-at="2023-12-22T10:49:58 ICT" name="testLogin" data-provider="loginCredData" finished-at="2023-12-22T10:50:04 ICT" duration-ms="6425" status="PASS">
          <params>
            <param index="0">
              <value>
                <![CDATA[LoginData{email='teo@sth.com', password='12345678'}]]>
              </value>
            </param>
          </params>
          <reporter-output>
          </reporter-output>
        </test-method> <!-- testLogin -->
        <test-method is-config="true" signature="takeScreenshot(org.testng.ITestResult)[pri:0, instance:tests.parallel.LoginDevice01@4659191b]" started-at="2023-12-22T10:50:04 ICT" name="takeScreenshot" description="Taking screenshot if test fail" finished-at="2023-12-22T10:50:04 ICT" duration-ms="0" status="PASS">
          <params>
            <param index="0">
              <value>
                <![CDATA[[TestResult name=testLogin status=SUCCESS method=LoginDevice01.testLogin(tests_data.models.LoginData)[pri:0, instance:tests.parallel.LoginDevice01@4659191b] output={null}]]]>
              </value>
            </param>
          </params>
          <reporter-output>
          </reporter-output>
        </test-method> <!-- takeScreenshot -->
        <test-method is-config="true" signature="quitAppiumSession()[pri:0, instance:tests.parallel.LoginDevice01@4659191b]" started-at="2023-12-22T10:50:04 ICT" name="quitAppiumSession" finished-at="2023-12-22T10:50:04 ICT" duration-ms="243" status="PASS">
          <reporter-output>
          </reporter-output>
        </test-method> <!-- quitAppiumSession -->
      </class> <!-- tests.parallel.LoginDevice01 -->
    </test> <!-- emulator-5556 -->
  </suite> <!-- Regression -->
</testng-results>
